<?xml version="1.0" encoding="UTF-8"?>
<!-- Generated by org.testng.reporters.JUnitXMLReporter -->
<testsuite ignored="0" hostname="DESKTOP-MSMHD9B" failures="1" tests="9" name="Surefire test" time="0.031" errors="0" timestamp="18 Sep. 2022 22:46:48 GMT">
  <testcase classname="tests.Testing1" name="f" time="0.0"/>
  <testcase classname="tests.Testing1" name="f" time="0.0"/>
  <testcase classname="tests.Testing1" name="test1" time="0.0"/>
  <testcase classname="tests.Testing1" name="test2" time="0.0"/>
  <testcase classname="tests.Testing2" name="Test3" time="0.0"/>
  <testcase classname="tests.Testing2" name="Test4" time="0.0"/>
  <testcase classname="tests.Testing3" name="createuser" time="0.0">
    <failure type="java.lang.AssertionError" message="verifying element expected [true] but found [false]">
      <![CDATA[java.lang.AssertionError: verifying element expected [true] but found [false]
at tests.Testing3.createuser(Testing3.java:14)
... Removed 32 stack frames]]>
    </failure>
  </testcase> <!-- createuser -->
  <testcase classname="tests.Testing3" name="editeuser" time="0.0">
    <skipped/>
  </testcase> <!-- editeuser -->
  <testcase classname="tests.Testing3" name="deleteuser" time="0.0">
    <skipped/>
  </testcase> <!-- deleteuser -->
</testsuite> <!-- Surefire test -->
